Analysis & Synthesis report for SerialtoSPI
Thu Mar 24 17:26:53 2016
Quartus Prime Version 15.1.0 Build 185 10/21/2015 SJ Lite Edition


---------------------
; Table of Contents ;
---------------------
  1. Legal Notice
  2. Analysis & Synthesis Summary
  3. Analysis & Synthesis Settings
  4. Parallel Compilation
  5. Analysis & Synthesis Source Files Read
  6. Analysis & Synthesis Resource Usage Summary
  7. Analysis & Synthesis Resource Utilization by Entity
  8. General Register Statistics
  9. Post-Synthesis Netlist Statistics for Top Partition
 10. Elapsed Time Per Partition
 11. Analysis & Synthesis Messages



----------------
; Legal Notice ;
----------------
Copyright (C) 1991-2015 Altera Corporation. All rights reserved.
Your use of Altera Corporation's design tools, logic functions 
and other software and tools, and its AMPP partner logic 
functions, and any output files from any of the foregoing 
(including device programming or simulation files), and any 
associated documentation or information are expressly subject 
to the terms and conditions of the Altera Program License 
Subscription Agreement, the Altera Quartus Prime License Agreement,
the Altera MegaCore Function License Agreement, or other 
applicable license agreement, including, without limitation, 
that your use is for the sole purpose of programming logic 
devices manufactured by Altera and sold by Altera or its 
authorized distributors.  Please refer to the applicable 
agreement for further details.



+----------------------------------------------------------------------------------+
; Analysis & Synthesis Summary                                                     ;
+------------------------------------+---------------------------------------------+
; Analysis & Synthesis Status        ; Successful - Thu Mar 24 17:26:53 2016       ;
; Quartus Prime Version              ; 15.1.0 Build 185 10/21/2015 SJ Lite Edition ;
; Revision Name                      ; SerialtoSPI                                 ;
; Top-level Entity Name              ; SerialtoSPI                                 ;
; Family                             ; Cyclone IV E                                ;
; Total logic elements               ; 67                                          ;
;     Total combinational functions  ; 58                                          ;
;     Dedicated logic registers      ; 42                                          ;
; Total registers                    ; 42                                          ;
; Total pins                         ; 12                                          ;
; Total virtual pins                 ; 0                                           ;
; Total memory bits                  ; 0                                           ;
; Embedded Multiplier 9-bit elements ; 0                                           ;
; Total PLLs                         ; 0                                           ;
+------------------------------------+---------------------------------------------+


+----------------------------------------------------------------------------------------------------------------------+
; Analysis & Synthesis Settings                                                                                        ;
+----------------------------------------------------------------------------+--------------------+--------------------+
; Option                                                                     ; Setting            ; Default Value      ;
+----------------------------------------------------------------------------+--------------------+--------------------+
; Device                                                                     ; EP4CE22F17C6       ;                    ;
; Top-level entity name                                                      ; SerialtoSPI        ; SerialtoSPI        ;
; Family name                                                                ; Cyclone IV E       ; Cyclone V          ;
; Use smart compilation                                                      ; Off                ; Off                ;
; Enable parallel Assembler and TimeQuest Timing Analyzer during compilation ; On                 ; On                 ;
; Enable compact report table                                                ; Off                ; Off                ;
; Restructure Multiplexers                                                   ; Auto               ; Auto               ;
; Create Debugging Nodes for IP Cores                                        ; Off                ; Off                ;
; Preserve fewer node names                                                  ; On                 ; On                 ;
; Disable OpenCore Plus hardware evaluation                                  ; Off                ; Off                ;
; Verilog Version                                                            ; Verilog_2001       ; Verilog_2001       ;
; VHDL Version                                                               ; VHDL_1993          ; VHDL_1993          ;
; State Machine Processing                                                   ; Auto               ; Auto               ;
; Safe State Machine                                                         ; Off                ; Off                ;
; Extract Verilog State Machines                                             ; On                 ; On                 ;
; Extract VHDL State Machines                                                ; On                 ; On                 ;
; Ignore Verilog initial constructs                                          ; Off                ; Off                ;
; Iteration limit for constant Verilog loops                                 ; 5000               ; 5000               ;
; Iteration limit for non-constant Verilog loops                             ; 250                ; 250                ;
; Add Pass-Through Logic to Inferred RAMs                                    ; On                 ; On                 ;
; Infer RAMs from Raw Logic                                                  ; On                 ; On                 ;
; Parallel Synthesis                                                         ; On                 ; On                 ;
; DSP Block Balancing                                                        ; Auto               ; Auto               ;
; NOT Gate Push-Back                                                         ; On                 ; On                 ;
; Power-Up Don't Care                                                        ; On                 ; On                 ;
; Remove Redundant Logic Cells                                               ; Off                ; Off                ;
; Remove Duplicate Registers                                                 ; On                 ; On                 ;
; Ignore CARRY Buffers                                                       ; Off                ; Off                ;
; Ignore CASCADE Buffers                                                     ; Off                ; Off                ;
; Ignore GLOBAL Buffers                                                      ; Off                ; Off                ;
; Ignore ROW GLOBAL Buffers                                                  ; Off                ; Off                ;
; Ignore LCELL Buffers                                                       ; Off                ; Off                ;
; Ignore SOFT Buffers                                                        ; On                 ; On                 ;
; Limit AHDL Integers to 32 Bits                                             ; Off                ; Off                ;
; Optimization Technique                                                     ; Balanced           ; Balanced           ;
; Carry Chain Length                                                         ; 70                 ; 70                 ;
; Auto Carry Chains                                                          ; On                 ; On                 ;
; Auto Open-Drain Pins                                                       ; On                 ; On                 ;
; Perform WYSIWYG Primitive Resynthesis                                      ; Off                ; Off                ;
; Auto ROM Replacement                                                       ; On                 ; On                 ;
; Auto RAM Replacement                                                       ; On                 ; On                 ;
; Auto DSP Block Replacement                                                 ; On                 ; On                 ;
; Auto Shift Register Replacement                                            ; Auto               ; Auto               ;
; Allow Shift Register Merging across Hierarchies                            ; Auto               ; Auto               ;
; Auto Clock Enable Replacement                                              ; On                 ; On                 ;
; Strict RAM Replacement                                                     ; Off                ; Off                ;
; Allow Synchronous Control Signals                                          ; On                 ; On                 ;
; Force Use of Synchronous Clear Signals                                     ; Off                ; Off                ;
; Auto RAM Block Balancing                                                   ; On                 ; On                 ;
; Auto RAM to Logic Cell Conversion                                          ; Off                ; Off                ;
; Auto Resource Sharing                                                      ; Off                ; Off                ;
; Allow Any RAM Size For Recognition                                         ; Off                ; Off                ;
; Allow Any ROM Size For Recognition                                         ; Off                ; Off                ;
; Allow Any Shift Register Size For Recognition                              ; Off                ; Off                ;
; Use LogicLock Constraints during Resource Balancing                        ; On                 ; On                 ;
; Ignore translate_off and synthesis_off directives                          ; Off                ; Off                ;
; Timing-Driven Synthesis                                                    ; On                 ; On                 ;
; Report Parameter Settings                                                  ; On                 ; On                 ;
; Report Source Assignments                                                  ; On                 ; On                 ;
; Report Connectivity Checks                                                 ; On                 ; On                 ;
; Ignore Maximum Fan-Out Assignments                                         ; Off                ; Off                ;
; Synchronization Register Chain Length                                      ; 2                  ; 2                  ;
; PowerPlay Power Optimization During Synthesis                              ; Normal compilation ; Normal compilation ;
; HDL message level                                                          ; Level2             ; Level2             ;
; Suppress Register Optimization Related Messages                            ; Off                ; Off                ;
; Number of Removed Registers Reported in Synthesis Report                   ; 5000               ; 5000               ;
; Number of Swept Nodes Reported in Synthesis Report                         ; 5000               ; 5000               ;
; Number of Inverted Registers Reported in Synthesis Report                  ; 100                ; 100                ;
; Clock MUX Protection                                                       ; On                 ; On                 ;
; Auto Gated Clock Conversion                                                ; Off                ; Off                ;
; Block Design Naming                                                        ; Auto               ; Auto               ;
; SDC constraint protection                                                  ; Off                ; Off                ;
; Synthesis Effort                                                           ; Auto               ; Auto               ;
; Shift Register Replacement - Allow Asynchronous Clear Signal               ; On                 ; On                 ;
; Pre-Mapping Resynthesis Optimization                                       ; Off                ; Off                ;
; Analysis & Synthesis Message Level                                         ; Medium             ; Medium             ;
; Disable Register Merging Across Hierarchies                                ; Auto               ; Auto               ;
; Resource Aware Inference For Block RAM                                     ; On                 ; On                 ;
; Synthesis Seed                                                             ; 1                  ; 1                  ;
+----------------------------------------------------------------------------+--------------------+--------------------+


Parallel compilation was disabled, but you have multiple processors available. Enable parallel compilation to reduce compilation time.
+-------------------------------------+
; Parallel Compilation                ;
+----------------------------+--------+
; Processors                 ; Number ;
+----------------------------+--------+
; Number detected on machine ; 8      ;
; Maximum allowed            ; 1      ;
+----------------------------+--------+


+-------------------------------------------------------------------------------------------------------------------------------------------------------------------------+
; Analysis & Synthesis Source Files Read                                                                                                                                  ;
+----------------------------------+-----------------+------------------------------------+---------------------------------------------------------------------+---------+
; File Name with User-Entered Path ; Used in Netlist ; File Type                          ; File Name with Absolute Path                                        ; Library ;
+----------------------------------+-----------------+------------------------------------+---------------------------------------------------------------------+---------+
; SerialtoSPI.bdf                  ; yes             ; User Block Diagram/Schematic File  ; C:/Users/Kenneth/Desktop/Mechatronics/Serial to SPI/SerialtoSPI.bdf ;         ;
; SERIAL_IN.v                      ; yes             ; User Verilog HDL File              ; C:/Users/Kenneth/Desktop/Mechatronics/Serial to SPI/SERIAL_IN.v     ;         ;
; REGISTER.v                       ; yes             ; User Verilog HDL File              ; C:/Users/Kenneth/Desktop/Mechatronics/Serial to SPI/REGISTER.v      ;         ;
+----------------------------------+-----------------+------------------------------------+---------------------------------------------------------------------+---------+


+-------------------------------------------------------------------------------------+
; Analysis & Synthesis Resource Usage Summary                                         ;
+---------------------------------------------+---------------------------------------+
; Resource                                    ; Usage                                 ;
+---------------------------------------------+---------------------------------------+
; Estimated Total logic elements              ; 67                                    ;
;                                             ;                                       ;
; Total combinational functions               ; 58                                    ;
; Logic element usage by number of LUT inputs ;                                       ;
;     -- 4 input functions                    ; 35                                    ;
;     -- 3 input functions                    ; 3                                     ;
;     -- <=2 input functions                  ; 20                                    ;
;                                             ;                                       ;
; Logic elements by mode                      ;                                       ;
;     -- normal mode                          ; 43                                    ;
;     -- arithmetic mode                      ; 15                                    ;
;                                             ;                                       ;
; Total registers                             ; 42                                    ;
;     -- Dedicated logic registers            ; 42                                    ;
;     -- I/O registers                        ; 0                                     ;
;                                             ;                                       ;
; I/O pins                                    ; 12                                    ;
;                                             ;                                       ;
; Embedded Multiplier 9-bit elements          ; 0                                     ;
;                                             ;                                       ;
; Maximum fan-out node                        ; SERIAL_IN:inst|CLK_RESET:newClk|CLK~9 ;
; Maximum fan-out                             ; 17                                    ;
; Total fan-out                               ; 308                                   ;
; Average fan-out                             ; 2.48                                  ;
+---------------------------------------------+---------------------------------------+


+------------------------------------------------------------------------------------------------------------------------------------------------------------------------------------------------------+
; Analysis & Synthesis Resource Utilization by Entity                                                                                                                                                  ;
+----------------------------+-------------------+--------------+-------------+--------------+---------+-----------+------+--------------+----------------------------------------------+--------------+
; Compilation Hierarchy Node ; LC Combinationals ; LC Registers ; Memory Bits ; DSP Elements ; DSP 9x9 ; DSP 18x18 ; Pins ; Virtual Pins ; Full Hierarchy Name                          ; Library Name ;
+----------------------------+-------------------+--------------+-------------+--------------+---------+-----------+------+--------------+----------------------------------------------+--------------+
; |SerialtoSPI               ; 58 (0)            ; 42 (0)       ; 0           ; 0            ; 0       ; 0         ; 12   ; 0            ; |SerialtoSPI                                 ; work         ;
;    |REGISTER:inst1|        ; 1 (1)             ; 9 (9)        ; 0           ; 0            ; 0       ; 0         ; 0    ; 0            ; |SerialtoSPI|REGISTER:inst1                  ; work         ;
;    |SERIAL_IN:inst|        ; 57 (31)           ; 33 (16)      ; 0           ; 0            ; 0       ; 0         ; 0    ; 0            ; |SerialtoSPI|SERIAL_IN:inst                  ; work         ;
;       |CLK_RESET:newClk|   ; 26 (26)           ; 17 (17)      ; 0           ; 0            ; 0       ; 0         ; 0    ; 0            ; |SerialtoSPI|SERIAL_IN:inst|CLK_RESET:newClk ; work         ;
+----------------------------+-------------------+--------------+-------------+--------------+---------+-----------+------+--------------+----------------------------------------------+--------------+
Note: For table entries with two numbers listed, the numbers in parentheses indicate the number of resources of the given type used by the specific entity alone. The numbers listed outside of parentheses indicate the total resources of the given type used by the specific entity and all of its sub-entities in the hierarchy.


+------------------------------------------------------+
; General Register Statistics                          ;
+----------------------------------------------+-------+
; Statistic                                    ; Value ;
+----------------------------------------------+-------+
; Total registers                              ; 42    ;
; Number of registers using Synchronous Clear  ; 16    ;
; Number of registers using Synchronous Load   ; 0     ;
; Number of registers using Asynchronous Clear ; 0     ;
; Number of registers using Asynchronous Load  ; 0     ;
; Number of registers using Clock Enable       ; 0     ;
; Number of registers using Preset             ; 0     ;
+----------------------------------------------+-------+


+-----------------------------------------------------+
; Post-Synthesis Netlist Statistics for Top Partition ;
+-----------------------+-----------------------------+
; Type                  ; Count                       ;
+-----------------------+-----------------------------+
; boundary_port         ; 12                          ;
; cycloneiii_ff         ; 42                          ;
;     SCLR              ; 16                          ;
;     plain             ; 26                          ;
; cycloneiii_lcell_comb ; 58                          ;
;     arith             ; 15                          ;
;         2 data inputs ; 15                          ;
;     normal            ; 43                          ;
;         1 data inputs ; 1                           ;
;         2 data inputs ; 4                           ;
;         3 data inputs ; 3                           ;
;         4 data inputs ; 35                          ;
;                       ;                             ;
; Max LUT depth         ; 4.00                        ;
; Average LUT depth     ; 2.29                        ;
+-----------------------+-----------------------------+


+-------------------------------+
; Elapsed Time Per Partition    ;
+----------------+--------------+
; Partition Name ; Elapsed Time ;
+----------------+--------------+
; Top            ; 00:00:00     ;
+----------------+--------------+


+-------------------------------+
; Analysis & Synthesis Messages ;
+-------------------------------+
Info: *******************************************************************
Info: Running Quartus Prime Analysis & Synthesis
    Info: Version 15.1.0 Build 185 10/21/2015 SJ Lite Edition
    Info: Processing started: Thu Mar 24 17:26:42 2016
Info: Command: quartus_map --read_settings_files=on --write_settings_files=off SerialtoSPI -c SerialtoSPI
Warning (20028): Parallel compilation is not licensed and has been disabled
Info (12021): Found 1 design units, including 1 entities, in source file serialtospi.bdf
    Info (12023): Found entity 1: SerialtoSPI
Info (12021): Found 2 design units, including 2 entities, in source file serial_in.v
    Info (12023): Found entity 1: SERIAL_IN File: C:/Users/Kenneth/Desktop/Mechatronics/Serial to SPI/SERIAL_IN.v Line: 1
    Info (12023): Found entity 2: CLK_RESET File: C:/Users/Kenneth/Desktop/Mechatronics/Serial to SPI/SERIAL_IN.v Line: 53
Info (12021): Found 1 design units, including 1 entities, in source file register.v
    Info (12023): Found entity 1: REGISTER File: C:/Users/Kenneth/Desktop/Mechatronics/Serial to SPI/REGISTER.v Line: 1
Warning (10236): Verilog HDL Implicit Net warning at SERIAL_IN.v(19): created implicit net for "CLK" File: C:/Users/Kenneth/Desktop/Mechatronics/Serial to SPI/SERIAL_IN.v Line: 19
Info (12127): Elaborating entity "SerialtoSPI" for the top level hierarchy
Info (12128): Elaborating entity "REGISTER" for hierarchy "REGISTER:inst1"
Info (12128): Elaborating entity "SERIAL_IN" for hierarchy "SERIAL_IN:inst"
Warning (10230): Verilog HDL assignment warning at SERIAL_IN.v(27): truncated value with size 32 to match size of target (4) File: C:/Users/Kenneth/Desktop/Mechatronics/Serial to SPI/SERIAL_IN.v Line: 27
Warning (10230): Verilog HDL assignment warning at SERIAL_IN.v(43): truncated value with size 32 to match size of target (4) File: C:/Users/Kenneth/Desktop/Mechatronics/Serial to SPI/SERIAL_IN.v Line: 43
Info (12128): Elaborating entity "CLK_RESET" for hierarchy "SERIAL_IN:inst|CLK_RESET:newClk" File: C:/Users/Kenneth/Desktop/Mechatronics/Serial to SPI/SERIAL_IN.v Line: 19
Warning (10230): Verilog HDL assignment warning at SERIAL_IN.v(66): truncated value with size 32 to match size of target (16) File: C:/Users/Kenneth/Desktop/Mechatronics/Serial to SPI/SERIAL_IN.v Line: 66
Warning (10230): Verilog HDL assignment warning at SERIAL_IN.v(79): truncated value with size 32 to match size of target (16) File: C:/Users/Kenneth/Desktop/Mechatronics/Serial to SPI/SERIAL_IN.v Line: 79
Info (286030): Timing-Driven Synthesis is running
Info (16010): Generating hard_block partition "hard_block:auto_generated_inst"
    Info (16011): Adding 0 node(s), including 0 DDIO, 0 PLL, 0 transceiver and 0 LCELL
Info (21057): Implemented 80 device resources after synthesis - the final resource count might be different
    Info (21058): Implemented 3 input pins
    Info (21059): Implemented 9 output pins
    Info (21061): Implemented 68 logic cells
Info: Quartus Prime Analysis & Synthesis was successful. 0 errors, 6 warnings
    Info: Peak virtual memory: 762 megabytes
    Info: Processing ended: Thu Mar 24 17:26:53 2016
    Info: Elapsed time: 00:00:11
    Info: Total CPU time (on all processors): 00:00:26


