Flow report for SerialtoSpi
Fri Mar 18 20:17:22 2016
Quartus Prime Version 15.1.0 Build 185 10/21/2015 SJ Lite Edition


---------------------
; Table of Contents ;
---------------------
  1. Legal Notice
  2. Flow Summary
  3. Flow Settings
  4. Flow Non-Default Global Settings
  5. Flow Elapsed Time
  6. Flow OS Summary
  7. Flow Log
  8. Flow Messages
  9. Flow Suppressed Messages



----------------
; Legal Notice ;
----------------
Copyright (C) 1991-2015 Altera Corporation. All rights reserved.
Your use of Altera Corporation's design tools, logic functions 
and other software and tools, and its AMPP partner logic 
functions, and any output files from any of the foregoing 
(including device programming or simulation files), and any 
associated documentation or information are expressly subject 
to the terms and conditions of the Altera Program License 
Subscription Agreement, the Altera Quartus Prime License Agreement,
the Altera MegaCore Function License Agreement, or other 
applicable license agreement, including, without limitation, 
that your use is for the sole purpose of programming logic 
devices manufactured by Altera and sold by Altera or its 
authorized distributors.  Please refer to the applicable 
agreement for further details.



+----------------------------------------------------------------------------------+
; Flow Summary                                                                     ;
+------------------------------------+---------------------------------------------+
; Flow Status                        ; Successful - Fri Mar 18 20:17:22 2016       ;
; Quartus Prime Version              ; 15.1.0 Build 185 10/21/2015 SJ Lite Edition ;
; Revision Name                      ; SerialtoSpi                                 ;
; Top-level Entity Name              ; UART_IN                                     ;
; Family                             ; Cyclone IV E                                ;
; Device                             ; EP4CE22F17C6                                ;
; Timing Models                      ; Final                                       ;
; Total logic elements               ; 97 / 22,320 ( < 1 % )                       ;
;     Total combinational functions  ; 86 / 22,320 ( < 1 % )                       ;
;     Dedicated logic registers      ; 57 / 22,320 ( < 1 % )                       ;
; Total registers                    ; 57                                          ;
; Total pins                         ; 13 / 154 ( 8 % )                            ;
; Total virtual pins                 ; 0                                           ;
; Total memory bits                  ; 0 / 608,256 ( 0 % )                         ;
; Embedded Multiplier 9-bit elements ; 0 / 132 ( 0 % )                             ;
; Total PLLs                         ; 0 / 4 ( 0 % )                               ;
+------------------------------------+---------------------------------------------+


+-----------------------------------------+
; Flow Settings                           ;
+-------------------+---------------------+
; Option            ; Setting             ;
+-------------------+---------------------+
; Start date & time ; 03/18/2016 20:10:46 ;
; Main task         ; Compilation         ;
; Revision Name     ; SerialtoSpi         ;
+-------------------+---------------------+


+-----------------------------------------------------------------------------------------------------------------+
; Flow Non-Default Global Settings                                                                                ;
+-------------------------------------+--------------------------------+---------------+-------------+------------+
; Assignment Name                     ; Value                          ; Default Value ; Entity Name ; Section Id ;
+-------------------------------------+--------------------------------+---------------+-------------+------------+
; COMPILER_SIGNATURE_ID               ; 10995770589198.145835344610156 ; --            ; --          ; --         ;
; EDA_SIMULATION_TOOL                 ; ModelSim-Altera (VHDL)         ; <None>        ; --          ; --         ;
; MAX_CORE_JUNCTION_TEMP              ; 85                             ; --            ; --          ; --         ;
; MIN_CORE_JUNCTION_TEMP              ; 0                              ; --            ; --          ; --         ;
; PARTITION_COLOR                     ; 16764057                       ; --            ; UART_IN     ; Top        ;
; PARTITION_FITTER_PRESERVATION_LEVEL ; PLACEMENT_AND_ROUTING          ; --            ; UART_IN     ; Top        ;
; PARTITION_NETLIST_TYPE              ; SOURCE                         ; --            ; UART_IN     ; Top        ;
; PROJECT_OUTPUT_DIRECTORY            ; output_files                   ; --            ; --          ; --         ;
; TOP_LEVEL_ENTITY                    ; UART_IN                        ; SerialtoSpi   ; --          ; --         ;
+-------------------------------------+--------------------------------+---------------+-------------+------------+


+-------------------------------------------------------------------------------------------------------------------------------+
; Flow Elapsed Time                                                                                                             ;
+---------------------------+--------------+-------------------------+---------------------+------------------------------------+
; Module Name               ; Elapsed Time ; Average Processors Used ; Peak Virtual Memory ; Total CPU Time (on all processors) ;
+---------------------------+--------------+-------------------------+---------------------+------------------------------------+
; Analysis & Synthesis      ; 00:00:11     ; 1.0                     ; 746 MB              ; 00:00:24                           ;
; Fitter                    ; 00:00:05     ; 1.0                     ; 1075 MB             ; 00:00:06                           ;
; Assembler                 ; 00:00:02     ; 1.0                     ; 710 MB              ; 00:00:01                           ;
; TimeQuest Timing Analyzer ; 00:00:02     ; 1.0                     ; 787 MB              ; 00:00:02                           ;
; EDA Netlist Writer        ; 00:00:01     ; 1.0                     ; 669 MB              ; 00:00:01                           ;
; EDA Netlist Writer        ; 00:00:01     ; 1.0                     ; 661 MB              ; 00:00:01                           ;
; EDA Netlist Writer        ; 00:00:00     ; 1.0                     ; 665 MB              ; 00:00:01                           ;
; EDA Netlist Writer        ; 00:00:01     ; 1.0                     ; 661 MB              ; 00:00:01                           ;
; EDA Netlist Writer        ; 00:00:00     ; 1.0                     ; 662 MB              ; 00:00:01                           ;
; Total                     ; 00:00:23     ; --                      ; --                  ; 00:00:38                           ;
+---------------------------+--------------+-------------------------+---------------------+------------------------------------+


+----------------------------------------------------------------------------------------+
; Flow OS Summary                                                                        ;
+---------------------------+------------------+-----------+------------+----------------+
; Module Name               ; Machine Hostname ; OS Name   ; OS Version ; Processor type ;
+---------------------------+------------------+-----------+------------+----------------+
; Analysis & Synthesis      ; gamer            ; Windows 7 ; 6.1        ; x86_64         ;
; Fitter                    ; gamer            ; Windows 7 ; 6.1        ; x86_64         ;
; Assembler                 ; gamer            ; Windows 7 ; 6.1        ; x86_64         ;
; TimeQuest Timing Analyzer ; gamer            ; Windows 7 ; 6.1        ; x86_64         ;
; EDA Netlist Writer        ; gamer            ; Windows 7 ; 6.1        ; x86_64         ;
; EDA Netlist Writer        ; gamer            ; Windows 7 ; 6.1        ; x86_64         ;
; EDA Netlist Writer        ; gamer            ; Windows 7 ; 6.1        ; x86_64         ;
; EDA Netlist Writer        ; gamer            ; Windows 7 ; 6.1        ; x86_64         ;
; EDA Netlist Writer        ; gamer            ; Windows 7 ; 6.1        ; x86_64         ;
+---------------------------+------------------+-----------+------------+----------------+


------------
; Flow Log ;
------------
quartus_map --read_settings_files=on --write_settings_files=off SerialtoSpi -c SerialtoSpi
quartus_fit --read_settings_files=off --write_settings_files=off SerialtoSpi -c SerialtoSpi
quartus_asm --read_settings_files=off --write_settings_files=off SerialtoSpi -c SerialtoSpi
quartus_sta SerialtoSpi -c SerialtoSpi
quartus_eda --read_settings_files=off --write_settings_files=off SerialtoSpi -c SerialtoSpi
quartus_eda --gen_testbench --tool=modelsim_oem --format=verilog --write_settings_files=off SerialtoSpi -c SerialtoSpi --vector_source="C:/Users/Kenneth/Desktop/Mechatronics/Serial To SPI/Waveform.vwf" --testbench_file="C:/Users/Kenneth/Desktop/Mechatronics/Serial To SPI/simulation/qsim/Waveform.vwf.vt"
quartus_eda --write_settings_files=off --functional=on --flatten_buses=off --simulation=on --tool=modelsim_oem --format=verilog --output_directory="C:/Users/Kenneth/Desktop/Mechatronics/Serial To SPI/simulation/qsim/" SerialtoSpi -c SerialtoSpi
quartus_eda --gen_testbench --tool=modelsim_oem --format=verilog --write_settings_files=off SerialtoSpi -c SerialtoSpi --vector_source="C:/Users/Kenneth/Desktop/Mechatronics/Serial To SPI/Waveform.vwf" --testbench_file="C:/Users/Kenneth/Desktop/Mechatronics/Serial To SPI/simulation/qsim/Waveform.vwf.vt"
quartus_eda --write_settings_files=off --functional=on --flatten_buses=off --simulation=on --tool=modelsim_oem --format=verilog --output_directory="C:/Users/Kenneth/Desktop/Mechatronics/Serial To SPI/simulation/qsim/" SerialtoSpi -c SerialtoSpi



